<?xml version="1.0" encoding="UTF-8"?>
<!-- Generated by org.testng.reporters.JUnitReportReporter -->
<testsuite skipped="0" hostname="MSI" name="product.testing.ProductTests" tests="2" failures="0" timestamp="21 Apr 2021 10:24:21 GMT" time="1.328" errors="0">
  <testcase name="test_GET" time="1.255" classname="product.testing.ProductTests"/>
  <testcase name="test_POST" time="0.073" classname="product.testing.ProductTests"/>
</testsuite> <!-- product.testing.ProductTests -->
