<?xml version="1.0" encoding="UTF-8"?>
<!-- Generated by org.testng.reporters.JUnitReportReporter -->
<testsuite skipped="0" hostname="MSI" name="product.testing.ProductTests" tests="4" failures="0" timestamp="21 Apr 2021 22:36:12 GMT" time="1.384" errors="0">
  <testcase name="test_DELETE" time="0.932" classname="product.testing.ProductTests"/>
  <testcase name="test_GET" time="0.338" classname="product.testing.ProductTests"/>
  <testcase name="test_PUT" time="0.054" classname="product.testing.ProductTests"/>
  <testcase name="test_POST" time="0.060" classname="product.testing.ProductTests"/>
</testsuite> <!-- product.testing.ProductTests -->
